This is pdfTeX, Version 3.1415926-2.5-1.40.14 (TeX Live 2013/Debian) (format=pdflatex 2015.9.22)  10 MAR 2016 09:14
entering extended mode
 restricted \write18 enabled.
 %&-line parsing enabled.
**SeaLevGuide.tex
(./SeaLevGuide.tex
LaTeX2e <2011/06/27>
Babel <3.9h> and hyphenation patterns for 4 languages loaded.
(/usr/share/texlive/texmf-dist/tex/latex/base/report.cls
Document Class: report 2007/10/19 v1.4h Standard LaTeX document class
(/usr/share/texlive/texmf-dist/tex/latex/base/size11.clo
File: size11.clo 2007/10/19 v1.4h Standard LaTeX file (size option)
)
\c@part=\count79
\c@chapter=\count80
\c@section=\count81
\c@subsection=\count82
\c@subsubsection=\count83
\c@paragraph=\count84
\c@subparagraph=\count85
\c@figure=\count86
\c@table=\count87
\abovecaptionskip=\skip41
\belowcaptionskip=\skip42
\bibindent=\dimen102
)
(/usr/share/texlive/texmf-dist/tex/latex/graphics/graphicx.sty
Package: graphicx 1999/02/16 v1.0f Enhanced LaTeX Graphics (DPC,SPQR)

(/usr/share/texlive/texmf-dist/tex/latex/graphics/keyval.sty
Package: keyval 1999/03/16 v1.13 key=value parser (DPC)
\KV@toks@=\toks14
)
(/usr/share/texlive/texmf-dist/tex/latex/graphics/graphics.sty
Package: graphics 2009/02/05 v1.0o Standard LaTeX Graphics (DPC,SPQR)

(/usr/share/texlive/texmf-dist/tex/latex/graphics/trig.sty
Package: trig 1999/03/16 v1.09 sin cos tan (DPC)
)
(/usr/share/texlive/texmf-dist/tex/latex/latexconfig/graphics.cfg
File: graphics.cfg 2010/04/23 v1.9 graphics configuration of TeX Live
)
Package graphics Info: Driver file: pdftex.def on input line 91.

(/usr/share/texlive/texmf-dist/tex/latex/pdftex-def/pdftex.def
File: pdftex.def 2011/05/27 v0.06d Graphics/color for pdfTeX

(/usr/share/texlive/texmf-dist/tex/generic/oberdiek/infwarerr.sty
Package: infwarerr 2010/04/08 v1.3 Providing info/warning/error messages (HO)
)
(/usr/share/texlive/texmf-dist/tex/generic/oberdiek/ltxcmds.sty
Package: ltxcmds 2011/11/09 v1.22 LaTeX kernel commands for general use (HO)
)
\Gread@gobject=\count88
))
\Gin@req@height=\dimen103
\Gin@req@width=\dimen104
)
(/usr/share/texlive/texmf-dist/tex/latex/graphics/color.sty
Package: color 2005/11/14 v1.0j Standard LaTeX Color (DPC)

(/usr/share/texlive/texmf-dist/tex/latex/latexconfig/color.cfg
File: color.cfg 2007/01/18 v1.5 color configuration of teTeX/TeXLive
)
Package color Info: Driver file: pdftex.def on input line 130.
)
(/usr/share/texlive/texmf-dist/tex/latex/framed/framed.sty
Package: framed 2011/10/22 v 0.96: framed or shaded text with page breaks
\OuterFrameSep=\skip43
\fb@frw=\dimen105
\fb@frh=\dimen106
\FrameRule=\dimen107
\FrameSep=\dimen108
)
(/usr/share/texlive/texmf-dist/tex/latex/base/alltt.sty
Package: alltt 1997/06/16 v2.0g defines alltt environment
)
(/usr/share/texlive/texmf-dist/tex/latex/amsmath/amsmath.sty
Package: amsmath 2013/01/14 v2.14 AMS math features
\@mathmargin=\skip44

For additional information on amsmath, use the `?' option.
(/usr/share/texlive/texmf-dist/tex/latex/amsmath/amstext.sty
Package: amstext 2000/06/29 v2.01

(/usr/share/texlive/texmf-dist/tex/latex/amsmath/amsgen.sty
File: amsgen.sty 1999/11/30 v2.0
\@emptytoks=\toks15
\ex@=\dimen109
))
(/usr/share/texlive/texmf-dist/tex/latex/amsmath/amsbsy.sty
Package: amsbsy 1999/11/29 v1.2d
\pmbraise@=\dimen110
)
(/usr/share/texlive/texmf-dist/tex/latex/amsmath/amsopn.sty
Package: amsopn 1999/12/14 v2.01 operator names
)
\inf@bad=\count89
LaTeX Info: Redefining \frac on input line 210.
\uproot@=\count90
\leftroot@=\count91
LaTeX Info: Redefining \overline on input line 306.
\classnum@=\count92
\DOTSCASE@=\count93
LaTeX Info: Redefining \ldots on input line 378.
LaTeX Info: Redefining \dots on input line 381.
LaTeX Info: Redefining \cdots on input line 466.
\Mathstrutbox@=\box26
\strutbox@=\box27
\big@size=\dimen111
LaTeX Font Info:    Redeclaring font encoding OML on input line 566.
LaTeX Font Info:    Redeclaring font encoding OMS on input line 567.
\macc@depth=\count94
\c@MaxMatrixCols=\count95
\dotsspace@=\muskip10
\c@parentequation=\count96
\dspbrk@lvl=\count97
\tag@help=\toks16
\row@=\count98
\column@=\count99
\maxfields@=\count100
\andhelp@=\toks17
\eqnshift@=\dimen112
\alignsep@=\dimen113
\tagshift@=\dimen114
\tagwidth@=\dimen115
\totwidth@=\dimen116
\lineht@=\dimen117
\@envbody=\toks18
\multlinegap=\skip45
\multlinetaggap=\skip46
\mathdisplay@stack=\toks19
LaTeX Info: Redefining \[ on input line 2665.
LaTeX Info: Redefining \] on input line 2666.
)
(/usr/share/texlive/texmf-dist/tex/latex/amsfonts/amsfonts.sty
Package: amsfonts 2013/01/14 v3.01 Basic AMSFonts support
\symAMSa=\mathgroup4
\symAMSb=\mathgroup5
LaTeX Font Info:    Overwriting math alphabet `\mathfrak' in version `bold'
(Font)                  U/euf/m/n --> U/euf/b/n on input line 106.
)
(/usr/share/texlive/texmf-dist/tex/latex/amsfonts/amssymb.sty
Package: amssymb 2013/01/14 v3.01 AMS font symbols
)
(/usr/share/texlive/texmf-dist/tex/latex/amscls/amsthm.sty
Package: amsthm 2004/08/06 v2.20
\thm@style=\toks20
\thm@bodyfont=\toks21
\thm@headfont=\toks22
\thm@notefont=\toks23
\thm@headpunct=\toks24
\thm@preskip=\skip47
\thm@postskip=\skip48
\thm@headsep=\skip49
\dth@everypar=\toks25
)
(/usr/share/texlive/texmf-dist/tex/generic/babel/babel.sty
Package: babel 2013/12/03 3.9h The Babel package

(/usr/share/texlive/texmf-dist/tex/generic/babel-english/english.ldf
Language: english 2012/08/20 v3.3p English support from the babel system

(/usr/share/texlive/texmf-dist/tex/generic/babel/babel.def
File: babel.def 2013/12/03 3.9h Babel common definitions
\babel@savecnt=\count101
\U@D=\dimen118
)
\l@british = a dialect from \language\l@english 
\l@UKenglish = a dialect from \language\l@english 
\l@canadian = a dialect from \language\l@american 
\l@australian = a dialect from \language\l@british 
\l@newzealand = a dialect from \language\l@british 
))
(/usr/share/texlive/texmf-dist/tex/latex/url/url.sty
\Urlmuskip=\muskip11
Package: url 2013/09/16  ver 3.4  Verb mode for urls, etc.
)
(/usr/share/texlive/texmf-dist/tex/latex/preprint/fullpage.sty
Package: fullpage 1999/02/23 1.1 (PWD)
\FP@margin=\skip50
)
(/usr/share/texlive/texmf-dist/tex/latex/boxedminipage/boxedminipage.sty)
(/usr/share/texlive/texmf-dist/tex/latex/hyperref/hyperref.sty
Package: hyperref 2012/11/06 v6.83m Hypertext links for LaTeX

(/usr/share/texlive/texmf-dist/tex/generic/oberdiek/hobsub-hyperref.sty
Package: hobsub-hyperref 2012/05/28 v1.13 Bundle oberdiek, subset hyperref (HO)


(/usr/share/texlive/texmf-dist/tex/generic/oberdiek/hobsub-generic.sty
Package: hobsub-generic 2012/05/28 v1.13 Bundle oberdiek, subset generic (HO)
Package: hobsub 2012/05/28 v1.13 Construct package bundles (HO)
Package hobsub Info: Skipping package `infwarerr' (already loaded).
Package hobsub Info: Skipping package `ltxcmds' (already loaded).
Package: ifluatex 2010/03/01 v1.3 Provides the ifluatex switch (HO)
Package ifluatex Info: LuaTeX not detected.
Package: ifvtex 2010/03/01 v1.5 Detect VTeX and its facilities (HO)
Package ifvtex Info: VTeX not detected.
Package: intcalc 2007/09/27 v1.1 Expandable calculations with integers (HO)
Package: ifpdf 2011/01/30 v2.3 Provides the ifpdf switch (HO)
Package ifpdf Info: pdfTeX in PDF mode is detected.
Package: etexcmds 2011/02/16 v1.5 Avoid name clashes with e-TeX commands (HO)
Package etexcmds Info: Could not find \expanded.
(etexcmds)             That can mean that you are not using pdfTeX 1.50 or
(etexcmds)             that some package has redefined \expanded.
(etexcmds)             In the latter case, load this package earlier.
Package: kvsetkeys 2012/04/25 v1.16 Key value parser (HO)
Package: kvdefinekeys 2011/04/07 v1.3 Define keys (HO)
Package: pdftexcmds 2011/11/29 v0.20 Utility functions of pdfTeX for LuaTeX (HO
)
Package pdftexcmds Info: LuaTeX not detected.
Package pdftexcmds Info: \pdf@primitive is available.
Package pdftexcmds Info: \pdf@ifprimitive is available.
Package pdftexcmds Info: \pdfdraftmode found.
Package: pdfescape 2011/11/25 v1.13 Implements pdfTeX's escape features (HO)
Package: bigintcalc 2012/04/08 v1.3 Expandable calculations on big integers (HO
)
Package: bitset 2011/01/30 v1.1 Handle bit-vector datatype (HO)
Package: uniquecounter 2011/01/30 v1.2 Provide unlimited unique counter (HO)
)
Package hobsub Info: Skipping package `hobsub' (already loaded).
Package: letltxmacro 2010/09/02 v1.4 Let assignment for LaTeX macros (HO)
Package: hopatch 2012/05/28 v1.2 Wrapper for package hooks (HO)
Package: xcolor-patch 2011/01/30 xcolor patch
Package: atveryend 2011/06/30 v1.8 Hooks at the very end of document (HO)
Package atveryend Info: \enddocument detected (standard20110627).
Package: atbegshi 2011/10/05 v1.16 At begin shipout hook (HO)
Package: refcount 2011/10/16 v3.4 Data extraction from label references (HO)
Package: hycolor 2011/01/30 v1.7 Color options for hyperref/bookmark (HO)
)
(/usr/share/texlive/texmf-dist/tex/generic/ifxetex/ifxetex.sty
Package: ifxetex 2010/09/12 v0.6 Provides ifxetex conditional
)
(/usr/share/texlive/texmf-dist/tex/latex/oberdiek/auxhook.sty
Package: auxhook 2011/03/04 v1.3 Hooks for auxiliary files (HO)
)
(/usr/share/texlive/texmf-dist/tex/latex/oberdiek/kvoptions.sty
Package: kvoptions 2011/06/30 v3.11 Key value format for package options (HO)
)
\@linkdim=\dimen119
\Hy@linkcounter=\count102
\Hy@pagecounter=\count103

(/usr/share/texlive/texmf-dist/tex/latex/hyperref/pd1enc.def
File: pd1enc.def 2012/11/06 v6.83m Hyperref: PDFDocEncoding definition (HO)
)
\Hy@SavedSpaceFactor=\count104

(/usr/share/texlive/texmf-dist/tex/latex/latexconfig/hyperref.cfg
File: hyperref.cfg 2002/06/06 v1.2 hyperref configuration of TeXLive
)
Package hyperref Info: Hyper figures OFF on input line 4443.
Package hyperref Info: Link nesting OFF on input line 4448.
Package hyperref Info: Hyper index ON on input line 4451.
Package hyperref Info: Plain pages OFF on input line 4458.
Package hyperref Info: Backreferencing OFF on input line 4463.
Package hyperref Info: Implicit mode ON; LaTeX internals redefined.
Package hyperref Info: Bookmarks ON on input line 4688.
\c@Hy@tempcnt=\count105
LaTeX Info: Redefining \url on input line 5041.
\XeTeXLinkMargin=\dimen120
\Fld@menulength=\count106
\Field@Width=\dimen121
\Fld@charsize=\dimen122
Package hyperref Info: Hyper figures OFF on input line 6295.
Package hyperref Info: Link nesting OFF on input line 6300.
Package hyperref Info: Hyper index ON on input line 6303.
Package hyperref Info: backreferencing OFF on input line 6310.
Package hyperref Info: Link coloring OFF on input line 6315.
Package hyperref Info: Link coloring with OCG OFF on input line 6320.
Package hyperref Info: PDF/A mode OFF on input line 6325.
LaTeX Info: Redefining \ref on input line 6365.
LaTeX Info: Redefining \pageref on input line 6369.
\Hy@abspage=\count107
\c@Item=\count108
\c@Hfootnote=\count109
)

Package hyperref Message: Driver (autodetected): hpdftex.

(/usr/share/texlive/texmf-dist/tex/latex/hyperref/hpdftex.def
File: hpdftex.def 2012/11/06 v6.83m Hyperref driver for pdfTeX
\Fld@listcount=\count110
\c@bookmark@seq@number=\count111

(/usr/share/texlive/texmf-dist/tex/latex/oberdiek/rerunfilecheck.sty
Package: rerunfilecheck 2011/04/15 v1.7 Rerun checks for auxiliary files (HO)
Package uniquecounter Info: New unique counter `rerunfilecheck' on input line 2
82.
)
\Hy@SectionHShift=\skip51
)
(/usr/share/texlive/texmf-dist/tex/latex/base/makeidx.sty
Package: makeidx 2000/03/29 v1.0m Standard LaTeX package
)
(/usr/share/texlive/texmf-dist/tex/latex/titlesec/titlesec.sty
Package: titlesec 2011/12/15 v2.10.0 Sectioning titles
\ttl@box=\box28
\beforetitleunit=\skip52
\aftertitleunit=\skip53
\ttl@plus=\dimen123
\ttl@minus=\dimen124
\ttl@toksa=\toks26
\titlewidth=\dimen125
\titlewidthlast=\dimen126
\titlewidthfirst=\dimen127
)
\@indexfile=\write3
\openout3 = `SeaLevGuide.idx'.


Writing index file SeaLevGuide.idx
(/usr/share/texlive/texmf-dist/tex/latex/upquote/upquote.sty
Package: upquote 2012/04/19 v1.3 upright-quote and grave-accent glyphs in verba
tim
)
(./SeaLevGuide.aux)
\openout1 = `SeaLevGuide.aux'.

LaTeX Font Info:    Checking defaults for OML/cmm/m/it on input line 139.
LaTeX Font Info:    ... okay on input line 139.
LaTeX Font Info:    Checking defaults for T1/cmr/m/n on input line 139.
LaTeX Font Info:    ... okay on input line 139.
LaTeX Font Info:    Checking defaults for OT1/cmr/m/n on input line 139.
LaTeX Font Info:    ... okay on input line 139.
LaTeX Font Info:    Checking defaults for OMS/cmsy/m/n on input line 139.
LaTeX Font Info:    ... okay on input line 139.
LaTeX Font Info:    Checking defaults for OMX/cmex/m/n on input line 139.
LaTeX Font Info:    ... okay on input line 139.
LaTeX Font Info:    Checking defaults for U/cmr/m/n on input line 139.
LaTeX Font Info:    ... okay on input line 139.
LaTeX Font Info:    Checking defaults for PD1/pdf/m/n on input line 139.
LaTeX Font Info:    ... okay on input line 139.

(/usr/share/texlive/texmf-dist/tex/context/base/supp-pdf.mkii
[Loading MPS to PDF converter (version 2006.09.02).]
\scratchcounter=\count112
\scratchdimen=\dimen128
\scratchbox=\box29
\nofMPsegments=\count113
\nofMParguments=\count114
\everyMPshowfont=\toks27
\MPscratchCnt=\count115
\MPscratchDim=\dimen129
\MPnumerator=\count116
\makeMPintoPDFobject=\count117
\everyMPtoPDFconversion=\toks28
) (/usr/share/texlive/texmf-dist/tex/latex/oberdiek/epstopdf-base.sty
Package: epstopdf-base 2010/02/09 v2.5 Base part for package epstopdf

(/usr/share/texlive/texmf-dist/tex/latex/oberdiek/grfext.sty
Package: grfext 2010/08/19 v1.1 Manage graphics extensions (HO)
)
Package grfext Info: Graphics extension search list:
(grfext)             [.png,.pdf,.jpg,.mps,.jpeg,.jbig2,.jb2,.PNG,.PDF,.JPG,.JPE
G,.JBIG2,.JB2,.eps]
(grfext)             \AppendGraphicsExtensions on input line 452.

(/usr/share/texlive/texmf-dist/tex/latex/latexconfig/epstopdf-sys.cfg
File: epstopdf-sys.cfg 2010/07/13 v1.3 Configuration of (r)epstopdf for TeX Liv
e
))
\AtBeginShipoutBox=\box30
Package hyperref Info: Link coloring OFF on input line 139.

(/usr/share/texlive/texmf-dist/tex/latex/hyperref/nameref.sty
Package: nameref 2012/10/27 v2.43 Cross-referencing by name of section

(/usr/share/texlive/texmf-dist/tex/generic/oberdiek/gettitlestring.sty
Package: gettitlestring 2010/12/03 v1.4 Cleanup title references (HO)
)
\c@section@level=\count118
)
LaTeX Info: Redefining \ref on input line 139.
LaTeX Info: Redefining \pageref on input line 139.
LaTeX Info: Redefining \nameref on input line 139.

(./SeaLevGuide.out) (./SeaLevGuide.out)
\@outlinefile=\write4
\openout4 = `SeaLevGuide.out'.

\c@theo=\count119
LaTeX Font Info:    Try loading font information for U+msa on input line 150.

(/usr/share/texlive/texmf-dist/tex/latex/amsfonts/umsa.fd
File: umsa.fd 2013/01/14 v3.01 AMS symbols A
)
LaTeX Font Info:    Try loading font information for U+msb on input line 150.

(/usr/share/texlive/texmf-dist/tex/latex/amsfonts/umsb.fd
File: umsb.fd 2013/01/14 v3.01 AMS symbols B
) [1

{/var/lib/texmf/fonts/map/pdftex/updmap/pdftex.map}]
LaTeX Font Info:    Try loading font information for OMS+cmr on input line 174.


(/usr/share/texlive/texmf-dist/tex/latex/base/omscmr.fd
File: omscmr.fd 1999/05/25 v2.5h Standard LaTeX font definitions
)
LaTeX Font Info:    Font shape `OMS/cmr/m/n' in size <10.95> not available
(Font)              Font shape `OMS/cmsy/m/n' tried instead on input line 174.

Overfull \vbox (0.80252pt too high) has occurred while \output is active []


[2] (./SeaLevGuide.tocpdfTeX warning (ext4): destination with the same identifi
er (name{page.i}) has been already used, duplicate ignored
<to be read again> 
                   \relax 
l.38 ...Frequently Asked Questions}{23}{chapter.4}
                                                   [1

])
\tf@toc=\write5
\openout5 = `SeaLevGuide.toc'.

pdfTeX warning (ext4): destination with the same identifier (name{page.ii}) has
 been already used, duplicate ignored
<to be read again> 
                   \relax 
l.194 \begin{abstract}
                       [2]pdfTeX warning (ext4): destination with the same iden
tifier (name{page.i}) has been already used, duplicate ignored
<to be read again> 
                   \relax 
l.200 \end{abstract}
                     [1]
Chapter 1.
[1

]

Package hyperref Warning: Token not allowed in a PDF string (PDFDocEncoding):
(hyperref)                removing `math shift' on input line 308.


Package hyperref Warning: Token not allowed in a PDF string (PDFDocEncoding):
(hyperref)                removing `math shift' on input line 308.


Overfull \hbox (0.19266pt too wide) in paragraph at lines 337--340
[]\OT1/cmr/m/n/10 The con-di-tions ([]1.3[]) are not al-ways ful-filled by an a
r-bi-trary pe-ri-odic os-cil-la-tion with range $(\OML/cmm/m/it/10 x[];  x[]\OT
1/cmr/m/n/10 )$,
 []


Package hyperref Warning: Token not allowed in a PDF string (PDFDocEncoding):
(hyperref)                removing `math shift' on input line 348.


Package hyperref Warning: Token not allowed in a PDF string (PDFDocEncoding):
(hyperref)                removing `math shift' on input line 348.

[2] [3] [4] [5] <figures/figure/RLplot-1.pdf, id=395, 578.16pt x 433.62pt>
File: figures/figure/RLplot-1.pdf Graphic file (type pdf)

<use figures/figure/RLplot-1.pdf>
Package pdftex.def Info: figures/figure/RLplot-1.pdf used on input line 666.
(pdftex.def)             Requested size: 341.43306pt x 256.07178pt.
 [6] [7 <./figures/figure/RLplot-1.pdf>]
[8]
Chapter 2.

Package hyperref Warning: Token not allowed in a PDF string (PDFDocEncoding):
(hyperref)                removing `\catcode' on input line 804.


Package hyperref Warning: Token not allowed in a PDF string (PDFDocEncoding):
(hyperref)                removing `\catcode' on input line 804.


Package hyperref Warning: Token not allowed in a PDF string (PDFDocEncoding):
(hyperref)                removing `\catcode' on input line 804.


Package hyperref Warning: Token not allowed in a PDF string (PDFDocEncoding):
(hyperref)                removing `\hyphenchar' on input line 804.


Package hyperref Warning: Token not allowed in a PDF string (PDFDocEncoding):
(hyperref)                removing `\font' on input line 804.


Package hyperref Warning: Composite letter `\texttilde+1'
(hyperref)                not defined in PD1 encoding,
(hyperref)                removing `\texttilde' on input line 804.


Package hyperref Warning: Token not allowed in a PDF string (PDFDocEncoding):
(hyperref)                removing `math shift' on input line 819.


Package hyperref Warning: Token not allowed in a PDF string (PDFDocEncoding):
(hyperref)                removing `math shift' on input line 819.

Package color Info: Redefining color shadecolor on input line 833.
LaTeX Font Info:    Font shape `OT1/cmtt/bx/n' in size <10.95> not available
(Font)              Font shape `OT1/cmtt/m/n' tried instead on input line 835.
[9

]
Package color Info: Redefining color shadecolor on input line 869.


Package hyperref Warning: Token not allowed in a PDF string (PDFDocEncoding):
(hyperref)                removing `math shift' on input line 892.


Package hyperref Warning: Token not allowed in a PDF string (PDFDocEncoding):
(hyperref)                removing `math shift' on input line 892.

Package color Info: Redefining color shadecolor on input line 906.
Package color Info: Redefining color shadecolor on input line 923.
<Rgraphics/figBrestTide-1.pdf, id=454, 389.455pt x 389.455pt>
File: Rgraphics/figBrestTide-1.pdf Graphic file (type pdf)

<use Rgraphics/figBrestTide-1.pdf>
Package pdftex.def Info: Rgraphics/figBrestTide-1.pdf used on input line 942.
(pdftex.def)             Requested size: 210.55022pt x 210.5462pt.

<Rgraphics/figBrestConv0-1.pdf, id=455, 389.455pt x 389.455pt>
File: Rgraphics/figBrestConv0-1.pdf Graphic file (type pdf)

<use Rgraphics/figBrestConv0-1.pdf>
Package pdftex.def Info: Rgraphics/figBrestConv0-1.pdf used on input line 943.
(pdftex.def)             Requested size: 210.55022pt x 210.5462pt.
Package color Info: Redefining color shadecolor on input line 965.
 [10]
Package color Info: Redefining color shadecolor on input line 987.
 [11 <./Rgraphics/figBrestTide-1.pdf> <./Rgraphics/figBrestConv0-1.pdf>]
Package color Info: Redefining color shadecolor on input line 1022.

Overfull \hbox (12.67581pt too wide) in paragraph at lines 1031--1031
[]                     []\OT1/cmtt/m/n/10.95 main[] []=[] []"Sea-level for Bres
t with GPD surges (lambda known)"[][])[][] 
 []

Package color Info: Redefining color shadecolor on input line 1044.
Package color Info: Redefining color shadecolor on input line 1061.

Overfull \hbox (6.92712pt too wide) in paragraph at lines 1071--1071
[]                    []\OT1/cmtt/m/n/10.95 main[] []=[] []"Sea-level for Brest
 with GPD surges (lambda known)"[][])[][] 
 []

<Rgraphics/figBrestFitSurge-1.pdf, id=486, 389.455pt x 389.455pt>
File: Rgraphics/figBrestFitSurge-1.pdf Graphic file (type pdf)

<use Rgraphics/figBrestFitSurge-1.pdf>
Package pdftex.def Info: Rgraphics/figBrestFitSurge-1.pdf used on input line 10
84.
(pdftex.def)             Requested size: 210.55022pt x 210.5462pt.

<Rgraphics/figBrestConv1-1.pdf, id=487, 389.455pt x 389.455pt>
File: Rgraphics/figBrestConv1-1.pdf Graphic file (type pdf)

<use Rgraphics/figBrestConv1-1.pdf>
Package pdftex.def Info: Rgraphics/figBrestConv1-1.pdf used on input line 1085.

(pdftex.def)             Requested size: 210.55022pt x 210.5462pt.

<Rgraphics/figBrestConv15-1.pdf, id=488, 389.455pt x 389.455pt>
File: Rgraphics/figBrestConv15-1.pdf Graphic file (type pdf)

<use Rgraphics/figBrestConv15-1.pdf>
Package pdftex.def Info: Rgraphics/figBrestConv15-1.pdf used on input line 1096
.
(pdftex.def)             Requested size: 210.55022pt x 210.5462pt.

<Rgraphics/figBrestConv2-1.pdf, id=489, 389.455pt x 389.455pt>
File: Rgraphics/figBrestConv2-1.pdf Graphic file (type pdf)

<use Rgraphics/figBrestConv2-1.pdf>
Package pdftex.def Info: Rgraphics/figBrestConv2-1.pdf used on input line 1097.

(pdftex.def)             Requested size: 210.55022pt x 210.5462pt.
Package color Info: Redefining color shadecolor on input line 1126.
 [12] [13 <./Rgraphics/figBrestFitSurge-1.pdf> <./Rgraphics/figBrestConv1-1.pdf
> <./Rgraphics/figBrestConv15-1.pdf> <./Rgraphics/figBrestConv2-1.pdf>]
<Rgraphics/figBrestConvGEV-1.pdf, id=534, 389.455pt x 389.455pt>
File: Rgraphics/figBrestConvGEV-1.pdf Graphic file (type pdf)

<use Rgraphics/figBrestConvGEV-1.pdf>
Package pdftex.def Info: Rgraphics/figBrestConvGEV-1.pdf used on input line 115
0.
(pdftex.def)             Requested size: 210.55022pt x 210.5462pt.
Package color Info: Redefining color shadecolor on input line 1177.
 [14 <./Rgraphics/figBrestConvGEV-1.pdf>]
Package color Info: Redefining color shadecolor on input line 1222.

Overfull \hbox (6.92712pt too wide) in paragraph at lines 1228--1228
[]                    []\OT1/cmtt/m/n/10.95 main[] []=[] []"Sea-level for Brest
 with GPD surges (lambda known)"[][])[][] 
 []

Package color Info: Redefining color shadecolor on input line 1240.

Overfull \hbox (6.92712pt too wide) in paragraph at lines 1246--1246
[]                    []\OT1/cmtt/m/n/10.95 main[] []=[] []"Sea-level for Brest
 with GPD surges (lambda known)"[][])[][] 
 []

<Rgraphics/figBrestConv3-1.pdf, id=549, 389.455pt x 389.455pt>
File: Rgraphics/figBrestConv3-1.pdf Graphic file (type pdf)

<use Rgraphics/figBrestConv3-1.pdf>
Package pdftex.def Info: Rgraphics/figBrestConv3-1.pdf used on input line 1263.

(pdftex.def)             Requested size: 210.55022pt x 210.5462pt.

<Rgraphics/figBrestConv4-1.pdf, id=550, 389.455pt x 389.455pt>
File: Rgraphics/figBrestConv4-1.pdf Graphic file (type pdf)

<use Rgraphics/figBrestConv4-1.pdf>
Package pdftex.def Info: Rgraphics/figBrestConv4-1.pdf used on input line 1264.

(pdftex.def)             Requested size: 210.55022pt x 210.5462pt.
Package color Info: Redefining color shadecolor on input line 1281.
 [15]
Package color Info: Redefining color shadecolor on input line 1300.

<Rgraphics/figempirical-1.pdf, id=557, 389.455pt x 389.455pt>
File: Rgraphics/figempirical-1.pdf Graphic file (type pdf)

<use Rgraphics/figempirical-1.pdf>
Package pdftex.def Info: Rgraphics/figempirical-1.pdf used on input line 1321.
(pdftex.def)             Requested size: 210.55022pt x 210.5462pt.

<Rgraphics/figempirical1-1.pdf, id=558, 389.455pt x 389.455pt>
File: Rgraphics/figempirical1-1.pdf Graphic file (type pdf)

<use Rgraphics/figempirical1-1.pdf>
Package pdftex.def Info: Rgraphics/figempirical1-1.pdf used on input line 1322.

(pdftex.def)             Requested size: 210.55022pt x 210.5462pt.
 [16 <./Rgraphics/figBrestConv3-1.pdf> <./Rgraphics/figBrestConv4-1.pdf>] [17 <
./Rgraphics/figempirical-1.pdf> <./Rgraphics/figempirical1-1.pdf>]
Chapter 3.
Package color Info: Redefining color shadecolor on input line 1381.
[18

] <Rgraphics/figSplineDens1-1.pdf, id=605, 389.455pt x 389.455pt>
File: Rgraphics/figSplineDens1-1.pdf Graphic file (type pdf)

<use Rgraphics/figSplineDens1-1.pdf>
Package pdftex.def Info: Rgraphics/figSplineDens1-1.pdf used on input line 1414
.
(pdftex.def)             Requested size: 210.55022pt x 210.5462pt.

<Rgraphics/figSplineDens1-2.pdf, id=606, 389.455pt x 389.455pt>
File: Rgraphics/figSplineDens1-2.pdf Graphic file (type pdf)

<use Rgraphics/figSplineDens1-2.pdf>
Package pdftex.def Info: Rgraphics/figSplineDens1-2.pdf used on input line 1415
.
(pdftex.def)             Requested size: 210.55022pt x 210.5462pt.
Package color Info: Redefining color shadecolor on input line 1464.
 [19 <./Rgraphics/figSplineDens1-1.pdf> <./Rgraphics/figSplineDens1-2.pdf>]
Overfull \hbox (1.17844pt too wide) in paragraph at lines 1480--1480
[]\OT1/cmtt/m/n/10.95 ##  [1] 1e+00 2e+00 5e+00 1e+01 2e+01 3e+01 4e+01 5e+01 6
e+01 7e+01 8e+01 9e+01[] 
 []

<Rgraphics/figSplineDens2-1.pdf, id=636, 389.455pt x 389.455pt>
File: Rgraphics/figSplineDens2-1.pdf Graphic file (type pdf)

<use Rgraphics/figSplineDens2-1.pdf>
Package pdftex.def Info: Rgraphics/figSplineDens2-1.pdf used on input line 1514
.
(pdftex.def)             Requested size: 341.43306pt x 341.44379pt.

<Rgraphics/figSplineDens2-2.pdf, id=637, 389.455pt x 389.455pt>
File: Rgraphics/figSplineDens2-2.pdf Graphic file (type pdf)

<use Rgraphics/figSplineDens2-2.pdf>
Package pdftex.def Info: Rgraphics/figSplineDens2-2.pdf used on input line 1524
.
(pdftex.def)             Requested size: 210.55022pt x 210.5462pt.

<Rgraphics/figSplineDens3-1.pdf, id=638, 389.455pt x 389.455pt>
File: Rgraphics/figSplineDens3-1.pdf Graphic file (type pdf)

<use Rgraphics/figSplineDens3-1.pdf>
Package pdftex.def Info: Rgraphics/figSplineDens3-1.pdf used on input line 1525
.
(pdftex.def)             Requested size: 210.55022pt x 210.5462pt.
LaTeX Font Info:    Font shape `OT1/cmtt/bx/n' in size <14.4> not available
(Font)              Font shape `OT1/cmtt/m/n' tried instead on input line 1534.

Package color Info: Redefining color shadecolor on input line 1547.
LaTeX Font Info:    Font shape `OT1/cmtt/bx/n' in size <12> not available
(Font)              Font shape `OT1/cmtt/m/n' tried instead on input line 1570.

Package color Info: Redefining color shadecolor on input line 1577.
 [20] [21 <./Rgraphics/figSplineDens2-1.pdf> <./Rgraphics/figSplineDens2-2.pdf>
 <./Rgraphics/figSplineDens3-1.pdf>]
[22]
Chapter 4.
Package color Info: Redefining color shadecolor on input line 1616.
[23

] [24]
Appendix A.
<images/Convol.pdf, id=693, 165.61874pt x 149.55875pt>
File: images/Convol.pdf Graphic file (type pdf)
 <use images/Convol.pdf>
Package pdftex.def Info: images/Convol.pdf used on input line 1738.
(pdftex.def)             Requested size: 142.26378pt x 128.47424pt.

[25

] [26 <./images/Convol.pdf>] [27]
<images/QuadPoints.pdf, id=742, 433.62pt x 361.35pt>
File: images/QuadPoints.pdf Graphic file (type pdf)

<use images/QuadPoints.pdf>
Package pdftex.def Info: images/QuadPoints.pdf used on input line 1985.
(pdftex.def)             Requested size: 284.52756pt x 237.1188pt.
 [28 <./images/QuadPoints.pdf>]
<./figures/figure/Bspline.pdf, id=767, 349.305pt x 157.58875pt>
File: ./figures/figure/Bspline.pdf Graphic file (type pdf)

<use ./figures/figure/Bspline.pdf>
Package pdftex.def Info: ./figures/figure/Bspline.pdf used on input line 2077.
(pdftex.def)             Requested size: 341.43306pt x 154.04636pt.
 [29 <./figures/figure/Bspline.pdf>] [30]
Appendix B.
Package color Info: Redefining color shadecolor on input line 2190.
Package color Info: Redefining color shadecolor on input line 2227.
[31

]
Overfull \hbox (6.92712pt too wide) in paragraph at lines 2237--2237
[]                      []\OT1/cmtt/m/n/10.95 main[] []=[] []sprintf[][]([][]"A
symptotic curve: GPD Y with shape %4.2f"[][],[][] 
 []

<Rgraphics/figBrestAsympt1-1.pdf, id=817, 389.455pt x 389.455pt>
File: Rgraphics/figBrestAsympt1-1.pdf Graphic file (type pdf)

<use Rgraphics/figBrestAsympt1-1.pdf>
Package pdftex.def Info: Rgraphics/figBrestAsympt1-1.pdf used on input line 224
9.
(pdftex.def)             Requested size: 210.55022pt x 210.5462pt.

<Rgraphics/figBrestAsympt2-1.pdf, id=818, 389.455pt x 389.455pt>
File: Rgraphics/figBrestAsympt2-1.pdf Graphic file (type pdf)

<use Rgraphics/figBrestAsympt2-1.pdf>
Package pdftex.def Info: Rgraphics/figBrestAsympt2-1.pdf used on input line 225
0.
(pdftex.def)             Requested size: 210.55022pt x 210.5462pt.
 (./SeaLevGuide.bbl [32 <./Rgraphics/figBrestAsympt1-1.pdf> <./Rgraphics/figBre
stAsympt2-1.pdf>]) (./SeaLevGuide.ind
[33

] [34

])
Package atveryend Info: Empty hook `BeforeClearDocument' on input line 2282.
Package atveryend Info: Empty hook `AfterLastShipout' on input line 2282.
 (./SeaLevGuide.aux)
Package atveryend Info: Executing hook `AtVeryEndDocument' on input line 2282.
Package atveryend Info: Executing hook `AtEndAfterFileList' on input line 2282.

Package rerunfilecheck Info: File `SeaLevGuide.out' has not changed.
(rerunfilecheck)             Checksum: 54407276CCD7F89E8B0C0FAB510DA815;3894.
Package atveryend Info: Empty hook `AtVeryVeryEnd' on input line 2282.
 ) 
Here is how much of TeX's memory you used:
 7347 strings out of 494999
 105519 string characters out of 6180228
 197521 words of memory out of 5000000
 10253 multiletter control sequences out of 15000+600000
 27210 words of font info for 103 fonts, out of 8000000 for 9000
 14 hyphenation exceptions out of 8191
 29i,12n,34p,559b,474s stack positions out of 5000i,500n,10000p,200000b,80000s
</usr/share/texlive/texmf-dist/fonts/type1/public/amsfonts/cm/cmb10.pfb></usr
/share/texlive/texmf-dist/fonts/type1/public/amsfonts/cm/cmbx10.pfb></usr/share
/texlive/texmf-dist/fonts/type1/public/amsfonts/cm/cmbx12.pfb></usr/share/texli
ve/texmf-dist/fonts/type1/public/amsfonts/cm/cmex10.pfb></usr/share/texlive/tex
mf-dist/fonts/type1/public/amsfonts/cm/cmmi10.pfb></usr/share/texlive/texmf-dis
t/fonts/type1/public/amsfonts/cm/cmmi12.pfb></usr/share/texlive/texmf-dist/font
s/type1/public/amsfonts/cm/cmmi6.pfb></usr/share/texlive/texmf-dist/fonts/type1
/public/amsfonts/cm/cmmi7.pfb></usr/share/texlive/texmf-dist/fonts/type1/public
/amsfonts/cm/cmmi8.pfb></usr/share/texlive/texmf-dist/fonts/type1/public/amsfon
ts/cm/cmmi9.pfb></usr/share/texlive/texmf-dist/fonts/type1/public/amsfonts/cm/c
mmib10.pfb></usr/share/texlive/texmf-dist/fonts/type1/public/amsfonts/cm/cmr10.
pfb></usr/share/texlive/texmf-dist/fonts/type1/public/amsfonts/cm/cmr6.pfb></us
r/share/texlive/texmf-dist/fonts/type1/public/amsfonts/cm/cmr7.pfb></usr/share/
texlive/texmf-dist/fonts/type1/public/amsfonts/cm/cmr8.pfb></usr/share/texlive/
texmf-dist/fonts/type1/public/amsfonts/cm/cmr9.pfb></usr/share/texlive/texmf-di
st/fonts/type1/public/amsfonts/cm/cmss10.pfb></usr/share/texlive/texmf-dist/fon
ts/type1/public/amsfonts/cm/cmss12.pfb></usr/share/texlive/texmf-dist/fonts/typ
e1/public/amsfonts/cm/cmss17.pfb></usr/share/texlive/texmf-dist/fonts/type1/pub
lic/amsfonts/cm/cmss8.pfb></usr/share/texlive/texmf-dist/fonts/type1/public/ams
fonts/cm/cmssbx10.pfb></usr/share/texlive/texmf-dist/fonts/type1/public/amsfont
s/cm/cmsy10.pfb></usr/share/texlive/texmf-dist/fonts/type1/public/amsfonts/cm/c
msy8.pfb></usr/share/texlive/texmf-dist/fonts/type1/public/amsfonts/cm/cmti10.p
fb></usr/share/texlive/texmf-dist/fonts/type1/public/amsfonts/cm/cmtt10.pfb></u
sr/share/texlive/texmf-dist/fonts/type1/public/amsfonts/cm/cmtt12.pfb></usr/sha
re/texlive/texmf-dist/fonts/type1/public/amsfonts/cm/cmtt8.pfb></usr/share/texl
ive/texmf-dist/fonts/type1/public/amsfonts/symbols/msam10.pfb></usr/share/texli
ve/texmf-dist/fonts/type1/public/amsfonts/symbols/msbm10.pfb>
Output written on SeaLevGuide.pdf (39 pages, 1031592 bytes).
PDF statistics:
 1036 PDF objects out of 1200 (max. 8388607)
 905 compressed objects within 10 object streams
 150 named destinations out of 1000 (max. 500000)
 559 words of extra memory for PDF output out of 10000 (max. 10000000)

