\BOOKMARK [0][-]{chapter.1}{Introduction}{}% 1
\BOOKMARK [1][-]{section.1.1}{Outlook}{chapter.1}% 2
\BOOKMARK [2][-]{subsection.1.1.1}{Goals}{section.1.1}% 3
\BOOKMARK [2][-]{subsection.1.1.2}{Limitations}{section.1.1}% 4
\BOOKMARK [1][-]{section.1.2}{Context}{chapter.1}% 5
\BOOKMARK [2][-]{subsection.1.2.1}{Notations}{section.1.2}% 6
\BOOKMARK [2][-]{subsection.1.2.2}{Tidal X}{section.1.2}% 7
\BOOKMARK [2][-]{subsection.1.2.3}{Non-tidal component Y \(surge\)}{section.1.2}% 8
\BOOKMARK [2][-]{subsection.1.2.4}{Probability versus theoretical frequency}{section.1.2}% 9
\BOOKMARK [1][-]{section.1.3}{Convolution and POT}{chapter.1}% 10
\BOOKMARK [1][-]{section.1.4}{Return periods and return levels}{chapter.1}% 11
\BOOKMARK [1][-]{section.1.5}{Inference based on the delta-method}{chapter.1}% 12
\BOOKMARK [2][-]{subsection.1.5.1}{Principle}{section.1.5}% 13
\BOOKMARK [2][-]{subsection.1.5.2}{Return levels}{section.1.5}% 14
\BOOKMARK [1][-]{section.1.6}{Bayesian inference \(Monte-Carlo\)}{chapter.1}% 15
\BOOKMARK [1][-]{section.1.7}{Expectation of the tide conditional on the Sea Level}{chapter.1}% 16
\BOOKMARK [1][-]{section.1.8}{Return level plot}{chapter.1}% 17
\BOOKMARK [1][-]{section.1.9}{Special case: GPD surges }{chapter.1}% 18
\BOOKMARK [2][-]{subsection.1.9.1}{Exponential surges}{section.1.9}% 19
\BOOKMARK [2][-]{subsection.1.9.2}{GPD surges}{section.1.9}% 20
\BOOKMARK [0][-]{chapter.2}{Using the `\13712`12`\04412=-1 convSL function}{}% 21
\BOOKMARK [1][-]{section.2.1}{Goals}{chapter.2}% 22
\BOOKMARK [1][-]{section.2.2}{Non-parametric density of X}{chapter.2}% 23
\BOOKMARK [1][-]{section.2.3}{Convolution}{chapter.2}% 24
\BOOKMARK [2][-]{subsection.2.3.1}{Specifying parameters for Y}{section.2.3}% 25
\BOOKMARK [2][-]{subsection.2.3.2}{Using a fitted POT model}{section.2.3}% 26
\BOOKMARK [2][-]{subsection.2.3.3}{Using a fitted non-POT model}{section.2.3}% 27
\BOOKMARK [1][-]{section.2.4}{Predictions}{chapter.2}% 28
\BOOKMARK [1][-]{section.2.5}{Adjusting the return level plot}{chapter.2}% 29
\BOOKMARK [0][-]{chapter.3}{Spline density for the tide}{}% 30
\BOOKMARK [1][-]{section.3.1}{Motivation}{chapter.3}% 31
\BOOKMARK [1][-]{section.3.2}{Example}{chapter.3}% 32
\BOOKMARK [1][-]{section.3.3}{Using "SplineDensity" objects}{chapter.3}% 33
\BOOKMARK [2][-]{subsection.3.3.1}{Evaluation}{section.3.3}% 34
\BOOKMARK [2][-]{subsection.3.3.2}{Moments/cumulants generating function}{section.3.3}% 35
\BOOKMARK [2][-]{subsection.3.3.3}{Random SplineDensity}{section.3.3}% 36
\BOOKMARK [0][-]{chapter.4}{Frequently Asked Questions}{}% 37
\BOOKMARK [1][-]{section.4.1}{Calling convSL}{chapter.4}% 38
\BOOKMARK [1][-]{section.4.2}{Inference}{chapter.4}% 39
\BOOKMARK [1][-]{section.4.3}{Numerical precision}{chapter.4}% 40
\BOOKMARK [0][-]{appendix.A}{Numerical computation}{}% 41
\BOOKMARK [1][-]{section.A.1}{Discrete convolution}{appendix.A}% 42
\BOOKMARK [1][-]{section.A.2}{Continuous convolution}{appendix.A}% 43
\BOOKMARK [2][-]{subsection.A.2.1}{Grids}{section.A.2}% 44
\BOOKMARK [2][-]{subsection.A.2.2}{Rectangles or trapezes}{section.A.2}% 45
\BOOKMARK [2][-]{subsection.A.2.3}{Moderate return levels: discrete convolution}{section.A.2}% 46
\BOOKMARK [2][-]{subsection.A.2.4}{Large return periods: quadratures}{section.A.2}% 47
\BOOKMARK [1][-]{section.A.3}{Spline tide density and GPD surges}{appendix.A}% 48
\BOOKMARK [2][-]{subsection.A.3.1}{Knots}{section.A.3}% 49
\BOOKMARK [2][-]{subsection.A.3.2}{B-spline Basis}{section.A.3}% 50
\BOOKMARK [2][-]{subsection.A.3.3}{Some theoretical facts}{section.A.3}% 51
\BOOKMARK [2][-]{subsection.A.3.4}{Practical consequences}{section.A.3}% 52
\BOOKMARK [0][-]{appendix.B}{Validation and special cases}{}% 53
\BOOKMARK [1][-]{section.B.1}{Exponential Surges}{appendix.B}% 54
\BOOKMARK [1][-]{section.B.2}{GPD surges}{appendix.B}% 55
\BOOKMARK [1][-]{section.B.3}{Comparing several computations}{appendix.B}% 56
